<?xml version="1.0" encoding="UTF-8"?>
<!-- Generated by org.testng.reporters.JUnitXMLReporter -->
<testsuite ignored="0" hostname="BHULLAR" failures="0" tests="3" name="Default test" time="15.361" errors="0" timestamp="2026-05-26T10:33:39 EDT">
  <testcase classname="CricketTest" name="verifyHomePageTitle" time="2.647"/>
  <testcase classname="CricketTest" name="verifyPageURL" time="5.655"/>
  <testcase classname="CricketTest" name="verifyScoresPage" time="4.01"/>
</testsuite> <!-- Default test -->
