<?xml version="1.0" encoding="UTF-8"?>
<!-- Generated by org.testng.reporters.JUnitXMLReporter -->
<testsuite ignored="0" hostname="BHULLAR" failures="0" tests="4" name="Default test" time="4.782" errors="0" timestamp="2026-05-31T17:32:34 EDT">
  <testcase classname="CricketAppTest" name="verifyPageTitle" time="0.187"/>
  <testcase classname="CricketAppTest" name="verifyAddRunsTeam1" time="0.236"/>
  <testcase classname="CricketAppTest" name="verifyAddWicketTeam1" time="0.18"/>
  <testcase classname="CricketAppTest" name="verifyResetScores" time="0.196"/>
</testsuite> <!-- Default test -->
