<?xml version="1.0" encoding="UTF-8"?>
<testng-results ignored="0" total="4" passed="4" failed="0" skipped="0">
  <reporter-output>
  </reporter-output>
  <suite started-at="2026-05-31T17:32:30 EDT" name="Default suite" finished-at="2026-05-31T17:32:34 EDT" duration-ms="4782">
    <groups>
    </groups>
    <test started-at="2026-05-31T17:32:30 EDT" name="Default test" finished-at="2026-05-31T17:32:34 EDT" duration-ms="4782">
      <class name="CricketAppTest">
        <test-method is-config="true" signature="setup()[pri:0, instance:CricketAppTest@7e6f74c]" started-at="2026-05-31T17:32:30 EDT" name="setup" finished-at="2026-05-31T17:32:33 EDT" duration-ms="3565" status="PASS">
          <reporter-output>
          </reporter-output>
        </test-method> <!-- setup -->
        <test-method signature="verifyPageTitle()[pri:1, instance:CricketAppTest@7e6f74c]" started-at="2026-05-31T17:32:33 EDT" name="verifyPageTitle" finished-at="2026-05-31T17:32:33 EDT" duration-ms="187" status="PASS">
          <reporter-output>
          </reporter-output>
        </test-method> <!-- verifyPageTitle -->
        <test-method signature="verifyAddRunsTeam1()[pri:2, instance:CricketAppTest@7e6f74c]" started-at="2026-05-31T17:32:33 EDT" name="verifyAddRunsTeam1" finished-at="2026-05-31T17:32:34 EDT" duration-ms="236" status="PASS">
          <reporter-output>
          </reporter-output>
        </test-method> <!-- verifyAddRunsTeam1 -->
        <test-method signature="verifyAddWicketTeam1()[pri:3, instance:CricketAppTest@7e6f74c]" started-at="2026-05-31T17:32:34 EDT" name="verifyAddWicketTeam1" finished-at="2026-05-31T17:32:34 EDT" duration-ms="180" status="PASS">
          <reporter-output>
          </reporter-output>
        </test-method> <!-- verifyAddWicketTeam1 -->
        <test-method signature="verifyResetScores()[pri:4, instance:CricketAppTest@7e6f74c]" started-at="2026-05-31T17:32:34 EDT" name="verifyResetScores" finished-at="2026-05-31T17:32:34 EDT" duration-ms="196" status="PASS">
          <reporter-output>
          </reporter-output>
        </test-method> <!-- verifyResetScores -->
        <test-method is-config="true" signature="teardown()[pri:0, instance:CricketAppTest@7e6f74c]" started-at="2026-05-31T17:32:34 EDT" name="teardown" finished-at="2026-05-31T17:32:34 EDT" duration-ms="324" status="PASS">
          <reporter-output>
          </reporter-output>
        </test-method> <!-- teardown -->
      </class> <!-- CricketAppTest -->
    </test> <!-- Default test -->
  </suite> <!-- Default suite -->
</testng-results>
