<?xml version="1.0" encoding="UTF-8"?>
<testng-results ignored="0" total="4" passed="4" failed="0" skipped="0">
  <reporter-output>
  </reporter-output>
  <suite started-at="2026-05-31T17:53:45 EDT" name="Default suite" finished-at="2026-05-31T17:53:47 EDT" duration-ms="2356">
    <groups>
    </groups>
    <test started-at="2026-05-31T17:53:45 EDT" name="Default test" finished-at="2026-05-31T17:53:47 EDT" duration-ms="2356">
      <class name="CricketApiTest">
        <test-method signature="verifyApiResponseCode()[pri:1, instance:CricketApiTest@515c6049]" started-at="2026-05-31T17:53:45 EDT" name="verifyApiResponseCode" finished-at="2026-05-31T17:53:47 EDT" duration-ms="1941" status="PASS">
          <reporter-output>
          </reporter-output>
        </test-method> <!-- verifyApiResponseCode -->
        <test-method signature="verifyResponseBody()[pri:2, instance:CricketApiTest@515c6049]" started-at="2026-05-31T17:53:47 EDT" name="verifyResponseBody" finished-at="2026-05-31T17:53:47 EDT" duration-ms="135" status="PASS">
          <reporter-output>
          </reporter-output>
        </test-method> <!-- verifyResponseBody -->
        <test-method signature="verifyResponseTime()[pri:3, instance:CricketApiTest@515c6049]" started-at="2026-05-31T17:53:47 EDT" name="verifyResponseTime" finished-at="2026-05-31T17:53:47 EDT" duration-ms="106" status="PASS">
          <reporter-output>
          </reporter-output>
        </test-method> <!-- verifyResponseTime -->
        <test-method signature="verifyMultiplePosts()[pri:4, instance:CricketApiTest@515c6049]" started-at="2026-05-31T17:53:47 EDT" name="verifyMultiplePosts" finished-at="2026-05-31T17:53:47 EDT" duration-ms="115" status="PASS">
          <reporter-output>
          </reporter-output>
        </test-method> <!-- verifyMultiplePosts -->
      </class> <!-- CricketApiTest -->
    </test> <!-- Default test -->
  </suite> <!-- Default suite -->
</testng-results>
