<?xml version="1.0" encoding="UTF-8"?>
<!-- Generated by org.testng.reporters.JUnitReportReporter -->
<testsuite hostname="BHULLAR" failures="0" tests="4" name="CricketApiTest" time="2.297" errors="0" timestamp="2026-05-31T17:53:47 EDT" skipped="0">
  <testcase classname="CricketApiTest" name="verifyApiResponseCode" time="1.941"/>
  <testcase classname="CricketApiTest" name="verifyResponseBody" time="0.135"/>
  <testcase classname="CricketApiTest" name="verifyResponseTime" time="0.106"/>
  <testcase classname="CricketApiTest" name="verifyMultiplePosts" time="0.115"/>
</testsuite> <!-- CricketApiTest -->
