<?xml version="1.0" encoding="UTF-8"?>
<!-- Generated by org.testng.reporters.JUnitReportReporter -->
<testsuite hostname="BHULLAR" failures="0" tests="4" name="CricketAppTest" time="0.799" errors="0" timestamp="2026-05-31T17:32:34 EDT" skipped="0">
  <testcase classname="CricketAppTest" name="verifyPageTitle" time="0.187"/>
  <testcase classname="CricketAppTest" name="verifyAddRunsTeam1" time="0.236"/>
  <testcase classname="CricketAppTest" name="verifyAddWicketTeam1" time="0.180"/>
  <testcase classname="CricketAppTest" name="verifyResetScores" time="0.196"/>
</testsuite> <!-- CricketAppTest -->
