<?xml version="1.0" encoding="UTF-8"?>
<!-- Generated by org.testng.reporters.JUnitReportReporter -->
<testsuite hostname="BHULLAR" failures="0" tests="3" name="CricketTest" time="12.312" errors="0" timestamp="2026-05-26T10:33:39 EDT" skipped="0">
  <testcase classname="CricketTest" name="verifyHomePageTitle" time="2.647"/>
  <testcase classname="CricketTest" name="verifyPageURL" time="5.655"/>
  <testcase classname="CricketTest" name="verifyScoresPage" time="4.010"/>
</testsuite> <!-- CricketTest -->
